2025-03-08 09:15:44 INFO  TC001_AccountRegistrationTest:17 - ****StartTC001_AccountRegistrationTest****
2025-03-08 09:15:44 INFO  TC001_AccountRegistrationTest:20 - Clicked on MyAccount link
2025-03-08 09:15:47 INFO  TC001_AccountRegistrationTest:22 - Clicked Registration link
2025-03-08 09:15:47 INFO  TC001_AccountRegistrationTest:26 - ****Providing Customer Details****
2025-03-08 09:15:50 INFO  TC001_AccountRegistrationTest:39 - ***Validating Expected Message****
2025-03-08 09:15:50 INFO  TC001_AccountRegistrationTest:49 - ***FinishTC001_AccountRegistrationTest****
2025-03-08 09:16:00 INFO  TC002_LoginTest:17 - ***StaringTC002_loginTest****
2025-03-08 09:16:03 INFO  TC002_LoginTest:41 - ****Finished Tc002_LoginTest*****
2025-03-08 09:24:20 INFO  TC001_AccountRegistrationTest:17 - ****StartTC001_AccountRegistrationTest****
2025-03-08 09:24:20 INFO  TC001_AccountRegistrationTest:20 - Clicked on MyAccount link
2025-03-08 09:24:21 INFO  TC001_AccountRegistrationTest:22 - Clicked Registration link
2025-03-08 09:24:21 INFO  TC001_AccountRegistrationTest:26 - ****Providing Customer Details****
2025-03-08 09:24:24 INFO  TC001_AccountRegistrationTest:39 - ***Validating Expected Message****
2025-03-08 09:24:24 INFO  TC001_AccountRegistrationTest:49 - ***FinishTC001_AccountRegistrationTest****
2025-03-08 09:24:33 INFO  TC002_LoginTest:17 - ***StaringTC002_loginTest****
2025-03-08 09:24:36 INFO  TC002_LoginTest:41 - ****Finished Tc002_LoginTest*****
2025-03-08 10:35:16 INFO  TC001_AccountRegistrationTest:17 - ****StartTC001_AccountRegistrationTest****
2025-03-08 10:35:16 INFO  TC001_AccountRegistrationTest:20 - Clicked on MyAccount link
2025-03-08 10:35:18 INFO  TC001_AccountRegistrationTest:22 - Clicked Registration link
2025-03-08 10:35:18 INFO  TC001_AccountRegistrationTest:26 - ****Providing Customer Details****
2025-03-08 10:35:21 INFO  TC001_AccountRegistrationTest:39 - ***Validating Expected Message****
2025-03-08 10:35:21 INFO  TC001_AccountRegistrationTest:49 - ***FinishTC001_AccountRegistrationTest****
2025-03-08 10:35:29 INFO  TC002_LoginTest:17 - ***StaringTC002_loginTest****
2025-03-08 10:35:32 INFO  TC002_LoginTest:41 - ****Finished Tc002_LoginTest*****
2025-03-08 10:45:35 INFO  Utils:112 - [TestNG] Running:
  D:\workspace\framework_opencart\moster.xml

2025-03-08 10:45:37 INFO  Utils:112 - [TestNG] Running:
  D:\workspace\framework_opencart\moster.xml

2025-03-08 10:45:47 INFO  TC001_AccountRegistrationTest:17 - ****StartTC001_AccountRegistrationTest****
2025-03-08 10:45:48 INFO  TC001_AccountRegistrationTest:20 - Clicked on MyAccount link
2025-03-08 10:45:50 INFO  TC001_AccountRegistrationTest:22 - Clicked Registration link
2025-03-08 10:45:50 INFO  TC001_AccountRegistrationTest:26 - ****Providing Customer Details****
2025-03-08 10:45:50 INFO  TC001_AccountRegistrationTest:17 - ****StartTC001_AccountRegistrationTest****
2025-03-08 10:45:50 INFO  TC001_AccountRegistrationTest:20 - Clicked on MyAccount link
2025-03-08 10:45:52 INFO  TC001_AccountRegistrationTest:22 - Clicked Registration link
2025-03-08 10:45:52 INFO  TC001_AccountRegistrationTest:26 - ****Providing Customer Details****
2025-03-08 10:45:53 INFO  TC001_AccountRegistrationTest:39 - ***Validating Expected Message****
2025-03-08 10:45:53 INFO  TC001_AccountRegistrationTest:49 - ***FinishTC001_AccountRegistrationTest****
2025-03-08 10:45:55 INFO  TC001_AccountRegistrationTest:39 - ***Validating Expected Message****
2025-03-08 10:45:56 INFO  TC001_AccountRegistrationTest:49 - ***FinishTC001_AccountRegistrationTest****
2025-03-08 10:46:06 INFO  TC002_LoginTest:17 - ***StaringTC002_loginTest****
2025-03-08 10:46:09 INFO  TC002_LoginTest:17 - ***StaringTC002_loginTest****
2025-03-08 10:46:09 INFO  TC002_LoginTest:41 - ****Finished Tc002_LoginTest*****
2025-03-08 10:46:12 INFO  TC002_LoginTest:41 - ****Finished Tc002_LoginTest*****
2025-03-08 12:45:50 INFO  TC001_AccountRegistrationTest:17 - ****StartTC001_AccountRegistrationTest****
2025-03-08 12:45:50 INFO  TC001_AccountRegistrationTest:20 - Clicked on MyAccount link
2025-03-08 12:45:51 INFO  TC001_AccountRegistrationTest:22 - Clicked Registration link
2025-03-08 12:45:51 INFO  TC001_AccountRegistrationTest:26 - ****Providing Customer Details****
2025-03-08 12:45:54 INFO  TC001_AccountRegistrationTest:39 - ***Validating Expected Message****
2025-03-08 12:45:54 INFO  TC001_AccountRegistrationTest:49 - ***FinishTC001_AccountRegistrationTest****
2025-03-08 12:46:03 INFO  TC002_LoginTest:17 - ***StaringTC002_loginTest****
2025-03-08 12:46:07 INFO  TC002_LoginTest:41 - ****Finished Tc002_LoginTest*****
2025-03-08 13:02:42 INFO  Utils:112 - [TestNG] Running:
  D:\workspace\framework_opencart\moster.xml

2025-03-08 13:02:53 INFO  TC001_AccountRegistrationTest:17 - ****StartTC001_AccountRegistrationTest****
2025-03-08 13:02:53 INFO  TC001_AccountRegistrationTest:20 - Clicked on MyAccount link
2025-03-08 13:02:55 INFO  TC001_AccountRegistrationTest:22 - Clicked Registration link
2025-03-08 13:02:55 INFO  TC001_AccountRegistrationTest:26 - ****Providing Customer Details****
2025-03-08 13:02:57 INFO  TC001_AccountRegistrationTest:39 - ***Validating Expected Message****
2025-03-08 13:02:57 INFO  TC001_AccountRegistrationTest:49 - ***FinishTC001_AccountRegistrationTest****
2025-03-08 13:03:06 INFO  TC002_LoginTest:17 - ***StaringTC002_loginTest****
2025-03-08 13:03:09 INFO  TC002_LoginTest:41 - ****Finished Tc002_LoginTest*****
